TN:
SF:src/core/rewards/BonusPointsTracker.ts
FN:22,(anonymous_7)
FN:27,(anonymous_8)
FN:38,(anonymous_9)
FN:39,(anonymous_10)
FN:104,(anonymous_11)
FN:105,(anonymous_12)
FN:177,(anonymous_13)
FN:178,(anonymous_14)
FN:199,(anonymous_15)
FN:208,(anonymous_16)
FN:214,(anonymous_17)
FN:223,(anonymous_18)
FN:229,(anonymous_19)
FN:236,(anonymous_20)
FN:251,(anonymous_21)
FNF:15
FNH:0
FNDA:0,(anonymous_7)
FNDA:0,(anonymous_8)
FNDA:0,(anonymous_9)
FNDA:0,(anonymous_10)
FNDA:0,(anonymous_11)
FNDA:0,(anonymous_12)
FNDA:0,(anonymous_13)
FNDA:0,(anonymous_14)
FNDA:0,(anonymous_15)
FNDA:0,(anonymous_16)
FNDA:0,(anonymous_17)
FNDA:0,(anonymous_18)
FNDA:0,(anonymous_19)
FNDA:0,(anonymous_20)
FNDA:0,(anonymous_21)
DA:8,0
DA:18,0
DA:20,0
DA:28,0
DA:29,0
DA:31,0
DA:39,0
DA:45,0
DA:54,0
DA:55,0
DA:56,0
DA:60,0
DA:61,0
DA:62,0
DA:64,0
DA:67,0
DA:68,0
DA:70,0
DA:82,0
DA:83,0
DA:84,0
DA:87,0
DA:90,0
DA:92,0
DA:94,0
DA:95,0
DA:105,0
DA:112,0
DA:113,0
DA:116,0
DA:117,0
DA:118,0
DA:119,0
DA:120,0
DA:123,0
DA:124,0
DA:127,0
DA:135,0
DA:138,0
DA:153,0
DA:154,0
DA:155,0
DA:159,0
DA:166,0
DA:168,0
DA:170,0
DA:178,0
DA:185,0
DA:193,0
DA:200,0
DA:202,0
DA:203,0
DA:204,0
DA:208,0
DA:215,0
DA:217,0
DA:218,0
DA:219,0
DA:223,0
DA:230,0
DA:243,0
DA:244,0
DA:245,0
DA:256,0
DA:257,0
DA:259,0
DA:261,0
DA:262,0
DA:264,0
DA:267,0
DA:268,0
DA:271,0
DA:272,0
DA:273,0
DA:274,0
DA:275,0
DA:279,0
DA:282,0
DA:283,0
DA:284,0
DA:285,0
DA:286,0
DA:289,0
DA:291,0
DA:297,0
LF:85
LH:0
BRDA:28,0,0,0
BRDA:41,1,0,0
BRDA:42,2,0,0
BRDA:43,3,0,0
BRDA:55,4,0,0
BRDA:62,5,0,0
BRDA:62,6,0,0
BRDA:62,6,1,0
BRDA:62,7,0,0
BRDA:62,7,1,0
BRDA:82,8,0,0
BRDA:87,9,0,0
BRDA:87,9,1,0
BRDA:87,10,0,0
BRDA:87,10,1,0
BRDA:87,11,0,0
BRDA:87,11,1,0
BRDA:108,12,0,0
BRDA:109,13,0,0
BRDA:110,14,0,0
BRDA:112,15,0,0
BRDA:118,16,0,0
BRDA:118,17,0,0
BRDA:118,17,1,0
BRDA:118,18,0,0
BRDA:118,18,1,0
BRDA:153,19,0,0
BRDA:181,20,0,0
BRDA:182,21,0,0
BRDA:183,22,0,0
BRDA:203,23,0,0
BRDA:218,24,0,0
BRDA:259,25,0,0
BRDA:259,25,1,0
BRDA:271,26,0,0
BRDA:273,27,0,0
BRDA:284,28,0,0
BRF:37
BRH:0
end_of_record
TN:
SF:src/core/rewards/CardRegistry.ts
FN:14,(anonymous_0)
FN:21,(anonymous_1)
FN:31,(anonymous_2)
FN:38,(anonymous_3)
FN:45,(anonymous_4)
FN:67,(anonymous_5)
FN:74,(anonymous_6)
FN:78,(anonymous_7)
FN:85,(anonymous_8)
FN:267,(anonymous_9)
FN:305,(anonymous_10)
FN:338,(anonymous_11)
FN:396,(anonymous_12)
FN:517,(anonymous_13)
FN:556,(anonymous_14)
FN:595,(anonymous_15)
FN:675,(anonymous_16)
FN:706,(anonymous_17)
FN:738,(anonymous_18)
FN:807,(anonymous_19)
FN:837,(anonymous_20)
FN:921,(anonymous_21)
FN:964,(anonymous_22)
FNF:23
FNH:0
FNDA:0,(anonymous_0)
FNDA:0,(anonymous_1)
FNDA:0,(anonymous_2)
FNDA:0,(anonymous_3)
FNDA:0,(anonymous_4)
FNDA:0,(anonymous_5)
FNDA:0,(anonymous_6)
FNDA:0,(anonymous_7)
FNDA:0,(anonymous_8)
FNDA:0,(anonymous_9)
FNDA:0,(anonymous_10)
FNDA:0,(anonymous_11)
FNDA:0,(anonymous_12)
FNDA:0,(anonymous_13)
FNDA:0,(anonymous_14)
FNDA:0,(anonymous_15)
FNDA:0,(anonymous_16)
FNDA:0,(anonymous_17)
FNDA:0,(anonymous_18)
FNDA:0,(anonymous_19)
FNDA:0,(anonymous_20)
FNDA:0,(anonymous_21)
FNDA:0,(anonymous_22)
DA:3,0
DA:4,0
DA:5,0
DA:10,0
DA:12,0
DA:15,0
DA:22,0
DA:23,0
DA:25,0
DA:32,0
DA:39,0
DA:49,0
DA:50,0
DA:52,0
DA:53,0
DA:57,0
DA:61,0
DA:68,0
DA:75,0
DA:77,0
DA:78,0
DA:87,0
DA:88,0
DA:89,0
DA:102,0
DA:103,0
DA:104,0
DA:117,0
DA:118,0
DA:119,0
DA:132,0
DA:133,0
DA:134,0
DA:158,0
DA:159,0
DA:160,0
DA:173,0
DA:174,0
DA:175,0
DA:188,0
DA:189,0
DA:190,0
DA:203,0
DA:204,0
DA:205,0
DA:218,0
DA:219,0
DA:220,0
DA:233,0
DA:234,0
DA:235,0
DA:248,0
DA:249,0
DA:250,0
DA:268,0
DA:306,0
DA:338,0
DA:397,0
DA:518,0
DA:557,0
DA:596,0
DA:676,0
DA:707,0
DA:739,0
DA:807,0
DA:838,0
DA:921,0
DA:965,0
DA:1020,0
LF:69
LH:0
BRDA:22,0,0,0
BRDA:53,1,0,0
BRDA:54,2,0,0
BRDA:54,2,1,0
BRF:4
BRH:0
end_of_record
TN:
SF:src/core/rewards/CardTypeIdService.ts
FN:31,(anonymous_0)
FN:61,(anonymous_1)
FN:90,(anonymous_2)
FNF:3
FNH:0
FNDA:0,(anonymous_0)
FNDA:0,(anonymous_1)
FNDA:0,(anonymous_2)
DA:16,0
DA:32,0
DA:33,0
DA:38,0
DA:39,0
DA:41,0
DA:65,0
DA:91,0
DA:92,0
DA:96,0
DA:97,0
DA:101,0
DA:102,0
DA:106,0
DA:107,0
DA:111,0
DA:112,0
DA:116,0
DA:117,0
DA:120,0
DA:125,0
LF:21
LH:0
BRDA:32,0,0,0
BRDA:32,1,0,0
BRDA:32,1,1,0
BRDA:91,2,0,0
BRDA:91,3,0,0
BRDA:91,3,1,0
BRDA:96,4,0,0
BRDA:101,5,0,0
BRDA:106,6,0,0
BRDA:106,7,0,0
BRDA:106,7,1,0
BRDA:111,8,0,0
BRDA:116,9,0,0
BRF:13
BRH:0
end_of_record
TN:
SF:src/core/rewards/MonthlySpendingTracker.ts
FN:14,(anonymous_7)
FN:19,(anonymous_8)
FN:29,(anonymous_9)
FN:30,(anonymous_10)
FN:62,(anonymous_11)
FN:78,(anonymous_12)
FN:90,(anonymous_13)
FN:98,(anonymous_14)
FN:108,(anonymous_15)
FN:118,(anonymous_16)
FN:129,(anonymous_17)
FN:135,(anonymous_18)
FN:142,(anonymous_19)
FN:156,(anonymous_20)
FNF:14
FNH:0
FNDA:0,(anonymous_7)
FNDA:0,(anonymous_8)
FNDA:0,(anonymous_9)
FNDA:0,(anonymous_10)
FNDA:0,(anonymous_11)
FNDA:0,(anonymous_12)
FNDA:0,(anonymous_13)
FNDA:0,(anonymous_14)
FNDA:0,(anonymous_15)
FNDA:0,(anonymous_16)
FNDA:0,(anonymous_17)
FNDA:0,(anonymous_18)
FNDA:0,(anonymous_19)
FNDA:0,(anonymous_20)
DA:4,0
DA:10,0
DA:12,0
DA:20,0
DA:21,0
DA:23,0
DA:30,0
DA:36,0
DA:39,0
DA:40,0
DA:43,0
DA:45,0
DA:48,0
DA:56,0
DA:57,0
DA:58,0
DA:62,0
DA:65,0
DA:67,0
DA:69,0
DA:70,0
DA:85,0
DA:87,0
DA:90,0
DA:91,0
DA:92,0
DA:98,0
DA:100,0
DA:101,0
DA:112,0
DA:119,0
DA:122,0
DA:123,0
DA:124,0
DA:129,0
DA:136,0
DA:148,0
DA:149,0
DA:150,0
DA:161,0
DA:162,0
DA:164,0
DA:166,0
DA:167,0
DA:169,0
DA:172,0
DA:173,0
DA:176,0
DA:177,0
DA:178,0
DA:179,0
DA:180,0
DA:184,0
DA:187,0
DA:188,0
DA:189,0
DA:190,0
DA:191,0
DA:194,0
DA:196,0
DA:202,0
LF:61
LH:0
BRDA:20,0,0,0
BRDA:31,1,0,0
BRDA:32,2,0,0
BRDA:33,3,0,0
BRDA:39,4,0,0
BRDA:40,5,0,0
BRDA:40,5,1,0
BRDA:56,6,0,0
BRDA:62,7,0,0
BRDA:62,7,1,0
BRDA:81,8,0,0
BRDA:82,9,0,0
BRDA:83,10,0,0
BRDA:92,11,0,0
BRDA:92,11,1,0
BRDA:92,11,2,0
BRDA:123,12,0,0
BRDA:164,13,0,0
BRDA:164,13,1,0
BRDA:176,14,0,0
BRDA:178,15,0,0
BRDA:189,16,0,0
BRF:22
BRH:0
end_of_record
TN:
SF:src/core/rewards/RewardService.ts
FN:18,(anonymous_7)
FN:26,(anonymous_8)
FN:30,(anonymous_9)
FN:73,(anonymous_11)
FN:92,(anonymous_12)
FN:93,(anonymous_13)
FN:97,(anonymous_14)
FN:105,(anonymous_15)
FN:119,(anonymous_16)
FN:363,(anonymous_17)
FN:404,(anonymous_18)
FN:420,(anonymous_19)
FN:432,(anonymous_20)
FN:468,(anonymous_21)
FN:512,(anonymous_22)
FN:523,(anonymous_23)
FN:543,(anonymous_24)
FN:546,(anonymous_25)
FN:547,(anonymous_26)
FN:557,(anonymous_27)
FN:595,(anonymous_28)
FN:608,(anonymous_29)
FN:636,(anonymous_30)
FN:645,(anonymous_31)
FN:649,(anonymous_32)
FN:651,(anonymous_33)
FN:659,(anonymous_34)
FN:664,(anonymous_35)
FN:667,(anonymous_36)
FN:686,(anonymous_37)
FN:690,(anonymous_38)
FN:712,(anonymous_39)
FN:716,(anonymous_40)
FN:731,(anonymous_41)
FN:735,(anonymous_42)
FN:751,(anonymous_43)
FN:761,(anonymous_44)
FN:765,(anonymous_45)
FN:773,(anonymous_46)
FN:787,(anonymous_48)
FN:818,(anonymous_49)
FN:842,(anonymous_51)
FN:858,getRewardService
FN:870,(anonymous_53)
FN:870,(anonymous_54)
FN:871,(anonymous_55)
FN:871,(anonymous_56)
FN:872,(anonymous_57)
FN:872,(anonymous_58)
FN:873,(anonymous_59)
FN:873,(anonymous_60)
FN:894,(anonymous_61)
FN:894,(anonymous_62)
FN:895,(anonymous_63)
FN:895,(anonymous_64)
FN:896,(anonymous_65)
FN:896,(anonymous_66)
FN:906,(anonymous_67)
FNF:58
FNH:0
FNDA:0,(anonymous_7)
FNDA:0,(anonymous_8)
FNDA:0,(anonymous_9)
FNDA:0,(anonymous_11)
FNDA:0,(anonymous_12)
FNDA:0,(anonymous_13)
FNDA:0,(anonymous_14)
FNDA:0,(anonymous_15)
FNDA:0,(anonymous_16)
FNDA:0,(anonymous_17)
FNDA:0,(anonymous_18)
FNDA:0,(anonymous_19)
FNDA:0,(anonymous_20)
FNDA:0,(anonymous_21)
FNDA:0,(anonymous_22)
FNDA:0,(anonymous_23)
FNDA:0,(anonymous_24)
FNDA:0,(anonymous_25)
FNDA:0,(anonymous_26)
FNDA:0,(anonymous_27)
FNDA:0,(anonymous_28)
FNDA:0,(anonymous_29)
FNDA:0,(anonymous_30)
FNDA:0,(anonymous_31)
FNDA:0,(anonymous_32)
FNDA:0,(anonymous_33)
FNDA:0,(anonymous_34)
FNDA:0,(anonymous_35)
FNDA:0,(anonymous_36)
FNDA:0,(anonymous_37)
FNDA:0,(anonymous_38)
FNDA:0,(anonymous_39)
FNDA:0,(anonymous_40)
FNDA:0,(anonymous_41)
FNDA:0,(anonymous_42)
FNDA:0,(anonymous_43)
FNDA:0,(anonymous_44)
FNDA:0,(anonymous_45)
FNDA:0,(anonymous_46)
FNDA:0,(anonymous_48)
FNDA:0,(anonymous_49)
FNDA:0,(anonymous_51)
FNDA:0,getRewardService
FNDA:0,(anonymous_53)
FNDA:0,(anonymous_54)
FNDA:0,(anonymous_55)
FNDA:0,(anonymous_56)
FNDA:0,(anonymous_57)
FNDA:0,(anonymous_58)
FNDA:0,(anonymous_59)
FNDA:0,(anonymous_60)
FNDA:0,(anonymous_61)
FNDA:0,(anonymous_62)
FNDA:0,(anonymous_63)
FNDA:0,(anonymous_64)
FNDA:0,(anonymous_65)
FNDA:0,(anonymous_66)
FNDA:0,(anonymous_67)
DA:1,0
DA:11,0
DA:12,0
DA:13,0
DA:15,0
DA:19,0
DA:27,0
DA:31,0
DA:32,0
DA:33,0
DA:34,0
DA:35,0
DA:39,0
DA:41,0
DA:44,0
DA:50,0
DA:67,0
DA:70,0
DA:73,0
DA:76,0
DA:77,0
DA:80,0
DA:91,0
DA:92,0
DA:93,0
DA:95,0
DA:97,0
DA:101,0
DA:102,0
DA:105,0
DA:107,0
DA:118,0
DA:119,0
DA:123,0
DA:124,0
DA:126,0
DA:134,0
DA:139,0
DA:140,0
DA:143,0
DA:153,0
DA:157,0
DA:159,0
DA:166,0
DA:169,0
DA:174,0
DA:175,0
DA:176,0
DA:179,0
DA:180,0
DA:183,0
DA:184,0
DA:187,0
DA:190,0
DA:195,0
DA:196,0
DA:203,0
DA:205,0
DA:215,0
DA:216,0
DA:219,0
DA:222,0
DA:223,0
DA:224,0
DA:226,0
DA:228,0
DA:229,0
DA:235,0
DA:243,0
DA:250,0
DA:254,0
DA:255,0
DA:257,0
DA:258,0
DA:260,0
DA:261,0
DA:263,0
DA:264,0
DA:266,0
DA:268,0
DA:270,0
DA:274,0
DA:275,0
DA:277,0
DA:278,0
DA:279,0
DA:280,0
DA:286,0
DA:289,0
DA:306,0
DA:323,0
DA:327,0
DA:337,0
DA:359,0
DA:370,0
DA:372,0
DA:374,0
DA:375,0
DA:377,0
DA:378,0
DA:380,0
DA:381,0
DA:383,0
DA:384,0
DA:387,0
DA:390,0
DA:392,0
DA:394,0
DA:396,0
DA:398,0
DA:400,0
DA:411,0
DA:425,0
DA:427,0
DA:428,0
DA:432,0
DA:434,0
DA:435,0
DA:436,0
DA:438,0
DA:439,0
DA:441,0
DA:446,0
DA:448,0
DA:453,0
DA:456,0
DA:457,0
DA:458,0
DA:461,0
DA:471,0
DA:474,0
DA:476,0
DA:477,0
DA:478,0
DA:479,0
DA:481,0
DA:487,0
DA:489,0
DA:499,0
DA:505,0
DA:517,0
DA:518,0
DA:519,0
DA:523,0
DA:524,0
DA:525,0
DA:528,0
DA:540,0
DA:543,0
DA:544,0
DA:546,0
DA:547,0
DA:551,0
DA:561,0
DA:563,0
DA:566,0
DA:569,0
DA:576,0
DA:579,0
DA:582,0
DA:587,0
DA:590,0
DA:591,0
DA:599,0
DA:600,0
DA:601,0
DA:605,0
DA:608,0
DA:611,0
DA:613,0
DA:614,0
DA:616,0
DA:617,0
DA:619,0
DA:620,0
DA:622,0
DA:625,0
DA:633,0
DA:640,0
DA:641,0
DA:644,0
DA:645,0
DA:647,0
DA:649,0
DA:651,0
DA:653,0
DA:655,0
DA:664,0
DA:667,0
DA:668,0
DA:670,0
DA:672,0
DA:674,0
DA:678,0
DA:683,0
DA:686,0
DA:687,0
DA:690,0
DA:691,0
DA:694,0
DA:695,0
DA:697,0
DA:700,0
DA:709,0
DA:716,0
DA:717,0
DA:719,0
DA:721,0
DA:723,0
DA:725,0
DA:727,0
DA:735,0
DA:737,0
DA:739,0
DA:741,0
DA:743,0
DA:745,0
DA:747,0
DA:755,0
DA:756,0
DA:759,0
DA:761,0
DA:762,0
DA:765,0
DA:766,0
DA:769,0
DA:785,0
DA:786,0
DA:787,0
DA:788,0
DA:789,0
DA:796,0
DA:800,0
DA:815,0
DA:829,0
DA:843,0
DA:848,0
DA:850,0
DA:859,0
DA:860,0
DA:861,0
DA:862,0
DA:863,0
DA:865,0
DA:869,0
DA:870,0
DA:871,0
DA:872,0
DA:873,0
DA:894,0
DA:895,0
DA:896,0
DA:898,0
DA:901,0
DA:905,0
DA:907,0
DA:908,0
DA:909,0
LF:258
LH:0
BRDA:27,0,0,0
BRDA:27,0,1,0
BRDA:27,1,0,0
BRDA:27,1,1,0
BRDA:72,2,0,0
BRDA:72,2,1,0
BRDA:72,3,0,0
BRDA:72,3,1,0
BRDA:72,4,0,0
BRDA:72,4,1,0
BRDA:73,5,0,0
BRDA:73,5,1,0
BRDA:73,6,0,0
BRDA:73,6,1,0
BRDA:73,7,0,0
BRDA:73,7,1,0
BRDA:76,8,0,0
BRDA:76,9,0,0
BRDA:76,9,1,0
BRDA:84,10,0,0
BRDA:84,10,1,0
BRDA:101,11,0,0
BRDA:111,12,0,0
BRDA:111,12,1,0
BRDA:134,13,0,0
BRDA:135,14,0,0
BRDA:135,14,1,0
BRDA:135,14,2,0
BRDA:157,15,0,0
BRDA:157,15,1,0
BRDA:157,15,2,0
BRDA:157,15,3,0
BRDA:157,15,4,0
BRDA:195,16,0,0
BRDA:215,17,0,0
BRDA:222,18,0,0
BRDA:222,18,1,0
BRDA:224,19,0,0
BRDA:224,20,0,0
BRDA:224,20,1,0
BRDA:228,21,0,0
BRDA:228,21,1,0
BRDA:229,22,0,0
BRDA:229,22,1,0
BRDA:230,23,0,0
BRDA:230,23,1,0
BRDA:255,24,0,0
BRDA:255,24,1,0
BRDA:255,24,2,0
BRDA:255,24,3,0
BRDA:277,25,0,0
BRDA:277,25,1,0
BRDA:279,26,0,0
BRDA:301,27,0,0
BRDA:301,27,1,0
BRDA:301,28,0,0
BRDA:301,28,1,0
BRDA:331,29,0,0
BRDA:331,29,1,0
BRDA:357,30,0,0
BRDA:357,30,1,0
BRDA:366,31,0,0
BRDA:367,32,0,0
BRDA:368,33,0,0
BRDA:372,34,0,0
BRDA:372,34,1,0
BRDA:372,34,2,0
BRDA:372,34,3,0
BRDA:372,34,4,0
BRDA:372,34,5,0
BRDA:392,35,0,0
BRDA:392,35,1,0
BRDA:392,35,2,0
BRDA:392,35,3,0
BRDA:407,36,0,0
BRDA:408,37,0,0
BRDA:409,38,0,0
BRDA:427,39,0,0
BRDA:427,40,0,0
BRDA:427,40,1,0
BRDA:432,41,0,0
BRDA:432,41,1,0
BRDA:432,42,0,0
BRDA:432,42,1,0
BRDA:435,43,0,0
BRDA:435,44,0,0
BRDA:435,44,1,0
BRDA:438,45,0,0
BRDA:438,46,0,0
BRDA:438,46,1,0
BRDA:441,47,0,0
BRDA:442,48,0,0
BRDA:442,48,1,0
BRDA:442,48,2,0
BRDA:448,49,0,0
BRDA:449,50,0,0
BRDA:449,50,1,0
BRDA:449,50,2,0
BRDA:474,51,0,0
BRDA:476,52,0,0
BRDA:479,53,0,0
BRDA:479,53,1,0
BRDA:487,54,0,0
BRDA:517,55,0,0
BRDA:517,56,0,0
BRDA:517,56,1,0
BRDA:530,57,0,0
BRDA:530,57,1,0
BRDA:561,58,0,0
BRDA:561,58,1,0
BRDA:561,58,2,0
BRDA:561,58,3,0
BRDA:561,58,4,0
BRDA:561,58,5,0
BRDA:561,58,6,0
BRDA:561,58,7,0
BRDA:599,59,0,0
BRDA:611,60,0,0
BRDA:611,60,1,0
BRDA:611,60,2,0
BRDA:611,60,3,0
BRDA:619,61,0,0
BRDA:619,61,1,0
BRDA:640,62,0,0
BRDA:647,63,0,0
BRDA:647,63,1,0
BRDA:647,63,2,0
BRDA:647,63,3,0
BRDA:653,64,0,0
BRDA:653,64,1,0
BRDA:668,65,0,0
BRDA:668,65,1,0
BRDA:668,65,2,0
BRDA:668,65,3,0
BRDA:670,66,0,0
BRDA:670,66,1,0
BRDA:670,67,0,0
BRDA:670,67,1,0
BRDA:672,68,0,0
BRDA:672,68,1,0
BRDA:672,69,0,0
BRDA:672,69,1,0
BRDA:674,70,0,0
BRDA:674,70,1,0
BRDA:674,71,0,0
BRDA:674,71,1,0
BRDA:683,72,0,0
BRDA:683,72,1,0
BRDA:683,72,2,0
BRDA:683,72,3,0
BRDA:694,73,0,0
BRDA:694,73,1,0
BRDA:704,74,0,0
BRDA:704,74,1,0
BRDA:704,75,0,0
BRDA:704,75,1,0
BRDA:705,76,0,0
BRDA:705,76,1,0
BRDA:705,77,0,0
BRDA:705,77,1,0
BRDA:719,78,0,0
BRDA:719,78,1,0
BRDA:719,78,2,0
BRDA:719,78,3,0
BRDA:725,79,0,0
BRDA:725,79,1,0
BRDA:737,80,0,0
BRDA:737,80,1,0
BRDA:737,80,2,0
BRDA:737,80,3,0
BRDA:737,80,4,0
BRDA:739,81,0,0
BRDA:739,81,1,0
BRDA:741,82,0,0
BRDA:741,82,1,0
BRDA:743,83,0,0
BRDA:743,83,1,0
BRDA:745,84,0,0
BRDA:745,84,1,0
BRDA:745,84,2,0
BRDA:755,85,0,0
BRDA:755,86,0,0
BRDA:755,86,1,0
BRDA:759,87,0,0
BRDA:759,87,1,0
BRDA:759,87,2,0
BRDA:843,88,0,0
BRDA:843,88,1,0
BRDA:859,89,0,0
BRDA:909,90,0,0
BRDA:909,90,1,0
BRF:191
BRH:0
end_of_record
TN:
SF:src/core/rewards/RuleMapper.ts
FN:49,(anonymous_0)
FN:81,(anonymous_1)
FN:166,(anonymous_2)
FNF:3
FNH:0
FNDA:0,(anonymous_0)
FNDA:0,(anonymous_1)
FNDA:0,(anonymous_2)
DA:21,0
DA:51,0
DA:52,0
DA:53,0
DA:54,0
DA:55,0
DA:57,0
DA:58,0
DA:61,0
DA:66,0
DA:67,0
DA:68,0
DA:69,0
DA:70,0
DA:72,0
DA:73,0
DA:76,0
DA:81,0
DA:82,0
DA:83,0
DA:84,0
DA:87,0
DA:169,0
LF:23
LH:0
BRDA:52,0,0,0
BRDA:53,1,0,0
BRDA:53,1,1,0
BRDA:67,2,0,0
BRDA:68,3,0,0
BRDA:68,3,1,0
BRDA:82,4,0,0
BRDA:82,5,0,0
BRDA:82,5,1,0
BRDA:84,6,0,0
BRDA:84,6,1,0
BRDA:91,7,0,0
BRDA:91,7,1,0
BRDA:92,8,0,0
BRDA:92,8,1,0
BRDA:92,9,0,0
BRDA:92,9,1,0
BRDA:93,10,0,0
BRDA:93,10,1,0
BRDA:93,11,0,0
BRDA:93,11,1,0
BRDA:96,12,0,0
BRDA:96,12,1,0
BRDA:103,13,0,0
BRDA:103,13,1,0
BRDA:105,14,0,0
BRDA:105,14,1,0
BRDA:114,15,0,0
BRDA:114,15,1,0
BRDA:114,16,0,0
BRDA:114,16,1,0
BRDA:118,17,0,0
BRDA:118,17,1,0
BRDA:118,18,0,0
BRDA:118,18,1,0
BRDA:123,19,0,0
BRDA:123,19,1,0
BRDA:123,20,0,0
BRDA:123,20,1,0
BRDA:130,21,0,0
BRDA:130,21,1,0
BRDA:133,22,0,0
BRDA:133,22,1,0
BRDA:173,23,0,0
BRDA:173,23,1,0
BRDA:174,24,0,0
BRDA:174,24,1,0
BRDA:174,25,0,0
BRDA:174,25,1,0
BRDA:175,26,0,0
BRDA:175,26,1,0
BRDA:175,27,0,0
BRDA:175,27,1,0
BRDA:176,28,0,0
BRDA:176,28,1,0
BRDA:177,29,0,0
BRDA:177,29,1,0
BRDA:178,30,0,0
BRDA:178,30,1,0
BRDA:179,31,0,0
BRDA:179,31,1,0
BRDA:179,32,0,0
BRDA:179,32,1,0
BRDA:180,33,0,0
BRDA:180,33,1,0
BRDA:180,34,0,0
BRDA:180,34,1,0
BRDA:181,35,0,0
BRDA:181,35,1,0
BRDA:182,36,0,0
BRDA:182,36,1,0
BRDA:183,37,0,0
BRDA:183,37,1,0
BRDA:183,38,0,0
BRDA:183,38,1,0
BRDA:184,39,0,0
BRDA:184,39,1,0
BRDA:184,40,0,0
BRDA:184,40,1,0
BRDA:185,41,0,0
BRDA:185,41,1,0
BRDA:185,42,0,0
BRDA:185,42,1,0
BRDA:186,43,0,0
BRDA:186,43,1,0
BRDA:186,44,0,0
BRDA:186,44,1,0
BRDA:187,45,0,0
BRDA:187,45,1,0
BRF:89
BRH:0
end_of_record
TN:
SF:src/core/rewards/RuleRepository.ts
FN:18,(anonymous_7)
FN:30,(anonymous_8)
FN:71,(anonymous_10)
FN:115,(anonymous_11)
FN:136,(anonymous_12)
FN:156,(anonymous_13)
FN:188,(anonymous_14)
FN:271,(anonymous_16)
FN:333,(anonymous_18)
FN:385,(anonymous_19)
FN:521,(anonymous_21)
FN:655,(anonymous_23)
FN:755,(anonymous_25)
FN:784,(anonymous_26)
FN:853,(anonymous_28)
FN:939,(anonymous_30)
FN:977,(anonymous_31)
FNF:17
FNH:0
FNDA:0,(anonymous_7)
FNDA:0,(anonymous_8)
FNDA:0,(anonymous_10)
FNDA:0,(anonymous_11)
FNDA:0,(anonymous_12)
FNDA:0,(anonymous_13)
FNDA:0,(anonymous_14)
FNDA:0,(anonymous_16)
FNDA:0,(anonymous_18)
FNDA:0,(anonymous_19)
FNDA:0,(anonymous_21)
FNDA:0,(anonymous_23)
FNDA:0,(anonymous_25)
FNDA:0,(anonymous_26)
FNDA:0,(anonymous_28)
FNDA:0,(anonymous_30)
FNDA:0,(anonymous_31)
DA:4,0
DA:5,0
DA:6,0
DA:13,0
DA:19,0
DA:20,0
DA:21,0
DA:31,0
DA:35,0
DA:37,0
DA:38,0
DA:39,0
DA:42,0
DA:43,0
DA:44,0
DA:47,0
DA:51,0
DA:52,0
DA:54,0
DA:60,0
DA:75,0
DA:76,0
DA:79,0
DA:82,0
DA:83,0
DA:86,0
DA:93,0
DA:97,0
DA:102,0
DA:109,0
DA:116,0
DA:117,0
DA:121,0
DA:125,0
DA:129,0
DA:137,0
DA:138,0
DA:142,0
DA:145,0
DA:149,0
DA:150,0
DA:157,0
DA:159,0
DA:189,0
DA:190,0
DA:198,0
DA:200,0
DA:201,0
DA:206,0
DA:215,0
DA:216,0
DA:218,0
DA:220,0
DA:225,0
DA:228,0
DA:229,0
DA:233,0
DA:242,0
DA:272,0
DA:273,0
DA:275,0
DA:277,0
DA:278,0
DA:281,0
DA:289,0
DA:291,0
DA:296,0
DA:301,0
DA:302,0
DA:308,0
DA:316,0
DA:317,0
DA:320,0
DA:327,0
DA:333,0
DA:334,0
DA:337,0
DA:342,0
DA:345,0
DA:346,0
DA:350,0
DA:356,0
DA:386,0
DA:387,0
DA:393,0
DA:395,0
DA:396,0
DA:399,0
DA:401,0
DA:404,0
DA:406,0
DA:407,0
DA:409,0
DA:411,0
DA:416,0
DA:422,0
DA:428,0
DA:429,0
DA:438,0
DA:447,0
DA:448,0
DA:455,0
DA:462,0
DA:468,0
DA:469,0
DA:473,0
DA:483,0
DA:524,0
DA:525,0
DA:531,0
DA:533,0
DA:536,0
DA:538,0
DA:545,0
DA:550,0
DA:551,0
DA:553,0
DA:555,0
DA:561,0
DA:566,0
DA:571,0
DA:572,0
DA:582,0
DA:591,0
DA:592,0
DA:596,0
DA:603,0
DA:605,0
DA:611,0
DA:614,0
DA:615,0
DA:619,0
DA:629,0
DA:656,0
DA:657,0
DA:659,0
DA:661,0
DA:662,0
DA:665,0
DA:669,0
DA:671,0
DA:676,0
DA:682,0
DA:683,0
DA:692,0
DA:701,0
DA:702,0
DA:709,0
DA:716,0
DA:718,0
DA:721,0
DA:722,0
DA:726,0
DA:732,0
DA:756,0
DA:757,0
DA:759,0
DA:763,0
DA:789,0
DA:790,0
DA:792,0
DA:796,0
DA:798,0
DA:799,0
DA:800,0
DA:806,0
DA:807,0
DA:809,0
DA:814,0
DA:819,0
DA:825,0
DA:858,0
DA:859,0
DA:861,0
DA:863,0
DA:865,0
DA:869,0
DA:871,0
DA:872,0
DA:881,0
DA:888,0
DA:893,0
DA:898,0
DA:899,0
DA:905,0
DA:939,0
DA:942,0
DA:946,0
DA:947,0
DA:948,0
DA:951,0
DA:952,0
DA:957,0
DA:977,0
DA:978,0
DA:979,0
LF:196
LH:0
BRDA:37,0,0,0
BRDA:42,1,0,0
BRDA:42,2,0,0
BRDA:42,2,1,0
BRDA:42,3,0,0
BRDA:42,3,1,0
BRDA:51,4,0,0
BRDA:58,5,0,0
BRDA:58,5,1,0
BRDA:62,6,0,0
BRDA:62,6,1,0
BRDA:75,7,0,0
BRDA:75,8,0,0
BRDA:75,8,1,0
BRDA:82,9,0,0
BRDA:82,10,0,0
BRDA:82,10,1,0
BRDA:93,11,0,0
BRDA:94,12,0,0
BRDA:94,12,1,0
BRDA:94,12,2,0
BRDA:116,13,0,0
BRDA:137,14,0,0
BRDA:200,15,0,0
BRDA:200,16,0,0
BRDA:200,16,1,0
BRDA:228,17,0,0
BRDA:240,18,0,0
BRDA:240,18,1,0
BRDA:243,19,0,0
BRDA:243,19,1,0
BRDA:246,20,0,0
BRDA:246,20,1,0
BRDA:277,21,0,0
BRDA:277,22,0,0
BRDA:277,22,1,0
BRDA:301,23,0,0
BRDA:316,24,0,0
BRDA:345,25,0,0
BRDA:354,26,0,0
BRDA:354,26,1,0
BRDA:357,27,0,0
BRDA:357,27,1,0
BRDA:360,28,0,0
BRDA:360,28,1,0
BRDA:395,29,0,0
BRDA:395,30,0,0
BRDA:395,30,1,0
BRDA:428,31,0,0
BRDA:447,32,0,0
BRDA:447,33,0,0
BRDA:447,33,1,0
BRDA:468,34,0,0
BRDA:481,35,0,0
BRDA:481,35,1,0
BRDA:484,36,0,0
BRDA:484,36,1,0
BRDA:487,37,0,0
BRDA:487,37,1,0
BRDA:571,38,0,0
BRDA:591,39,0,0
BRDA:591,40,0,0
BRDA:591,40,1,0
BRDA:614,41,0,0
BRDA:627,42,0,0
BRDA:627,42,1,0
BRDA:630,43,0,0
BRDA:630,43,1,0
BRDA:633,44,0,0
BRDA:633,44,1,0
BRDA:661,45,0,0
BRDA:661,46,0,0
BRDA:661,46,1,0
BRDA:682,47,0,0
BRDA:701,48,0,0
BRDA:701,49,0,0
BRDA:701,49,1,0
BRDA:721,50,0,0
BRDA:730,51,0,0
BRDA:730,51,1,0
BRDA:733,52,0,0
BRDA:733,52,1,0
BRDA:736,53,0,0
BRDA:736,53,1,0
BRDA:798,54,0,0
BRDA:806,55,0,0
BRDA:806,55,1,0
BRDA:806,56,0,0
BRDA:806,56,1,0
BRDA:807,57,0,0
BRDA:807,57,1,0
BRDA:807,58,0,0
BRDA:807,58,1,0
BRDA:807,59,0,0
BRDA:807,59,1,0
BRDA:807,60,0,0
BRDA:807,60,1,0
BRDA:811,61,0,0
BRDA:811,61,1,0
BRDA:823,62,0,0
BRDA:823,62,1,0
BRDA:827,63,0,0
BRDA:827,63,1,0
BRDA:871,64,0,0
BRDA:903,65,0,0
BRDA:903,65,1,0
BRDA:907,66,0,0
BRDA:907,66,1,0
BRDA:946,67,0,0
BRF:109
BRH:0
end_of_record
TN:
SF:src/core/rewards/constants.ts
FNF:0
FNH:0
DA:1,0
LF:1
LH:0
BRF:0
BRH:0
end_of_record
TN:
SF:src/core/rewards/errors.ts
FN:22,(anonymous_0)
FN:41,(anonymous_1)
FN:58,(anonymous_2)
FN:76,(anonymous_3)
FNF:4
FNH:0
FNDA:0,(anonymous_0)
FNDA:0,(anonymous_1)
FNDA:0,(anonymous_2)
FNDA:0,(anonymous_3)
DA:11,0
DA:23,0
DA:24,0
DA:25,0
DA:26,0
DA:29,0
DA:30,0
DA:40,0
DA:42,0
DA:43,0
DA:52,0
DA:59,0
DA:60,0
DA:61,0
DA:70,0
DA:82,0
DA:83,0
DA:84,0
LF:18
LH:0
BRDA:29,0,0,0
BRF:1
BRH:0
end_of_record
TN:
SF:src/core/rewards/logger.ts
FN:6,(anonymous_0)
FN:22,(anonymous_1)
FN:26,(anonymous_2)
FN:68,(anonymous_3)
FN:72,(anonymous_4)
FN:76,(anonymous_5)
FN:80,(anonymous_6)
FN:89,(anonymous_7)
FN:93,(anonymous_8)
FNF:9
FNH:0
FNDA:0,(anonymous_0)
FNDA:0,(anonymous_1)
FNDA:0,(anonymous_2)
FNDA:0,(anonymous_3)
FNDA:0,(anonymous_4)
FNDA:0,(anonymous_5)
FNDA:0,(anonymous_6)
FNDA:0,(anonymous_7)
FNDA:0,(anonymous_8)
DA:6,0
DA:7,0
DA:8,0
DA:9,0
DA:10,0
DA:23,0
DA:24,0
DA:33,0
DA:42,0
DA:45,0
DA:46,0
DA:50,0
DA:52,0
DA:54,0
DA:55,0
DA:57,0
DA:58,0
DA:60,0
DA:61,0
DA:63,0
DA:64,0
DA:69,0
DA:73,0
DA:77,0
DA:86,0
DA:90,0
DA:94,0
DA:99,0
LF:28
LH:0
BRDA:6,0,0,0
BRDA:6,0,1,0
BRDA:45,1,0,0
BRDA:52,2,0,0
BRDA:52,2,1,0
BRDA:52,2,2,0
BRDA:52,2,3,0
BRDA:54,3,0,0
BRDA:54,3,1,0
BRDA:57,4,0,0
BRDA:57,4,1,0
BRDA:60,5,0,0
BRDA:60,5,1,0
BRDA:63,6,0,0
BRDA:63,6,1,0
BRDA:63,7,0,0
BRDA:63,7,1,0
BRF:17
BRH:0
end_of_record
TN:
SF:src/core/rewards/types.ts
FNF:0
FNH:0
DA:110,0
LF:1
LH:0
BRF:0
BRH:0
end_of_record
