TN:
SF:src/core/rewards/BonusPointsTracker.ts
FN:22,(anonymous_7)
FN:27,(anonymous_8)
FN:41,(anonymous_9)
FN:42,(anonymous_10)
FN:58,(anonymous_11)
FN:59,(anonymous_12)
FN:76,(anonymous_13)
FN:77,(anonymous_14)
FN:98,(anonymous_15)
FN:107,(anonymous_16)
FN:113,(anonymous_17)
FN:122,(anonymous_18)
FN:128,(anonymous_19)
FN:135,(anonymous_20)
FN:150,(anonymous_21)
FNF:15
FNH:0
FNDA:0,(anonymous_7)
FNDA:0,(anonymous_8)
FNDA:0,(anonymous_9)
FNDA:0,(anonymous_10)
FNDA:0,(anonymous_11)
FNDA:0,(anonymous_12)
FNDA:0,(anonymous_13)
FNDA:0,(anonymous_14)
FNDA:0,(anonymous_15)
FNDA:0,(anonymous_16)
FNDA:0,(anonymous_17)
FNDA:0,(anonymous_18)
FNDA:0,(anonymous_19)
FNDA:0,(anonymous_20)
FNDA:0,(anonymous_21)
DA:18,0
DA:20,0
DA:28,0
DA:29,0
DA:31,0
DA:42,0
DA:48,0
DA:51,0
DA:59,0
DA:66,0
DA:69,0
DA:70,0
DA:77,0
DA:84,0
DA:92,0
DA:99,0
DA:101,0
DA:102,0
DA:103,0
DA:107,0
DA:114,0
DA:116,0
DA:117,0
DA:118,0
DA:122,0
DA:129,0
DA:142,0
DA:143,0
DA:144,0
DA:155,0
DA:156,0
DA:158,0
DA:160,0
DA:161,0
DA:163,0
DA:166,0
DA:167,0
DA:170,0
DA:171,0
DA:172,0
DA:173,0
DA:174,0
DA:178,0
DA:181,0
DA:182,0
DA:183,0
DA:184,0
DA:185,0
DA:188,0
DA:190,0
DA:196,0
LF:51
LH:0
BRDA:28,0,0,0
BRDA:44,1,0,0
BRDA:45,2,0,0
BRDA:46,3,0,0
BRDA:51,4,0,0
BRDA:51,4,1,0
BRDA:62,5,0,0
BRDA:63,6,0,0
BRDA:64,7,0,0
BRDA:69,8,0,0
BRDA:69,8,1,0
BRDA:80,9,0,0
BRDA:81,10,0,0
BRDA:82,11,0,0
BRDA:102,12,0,0
BRDA:117,13,0,0
BRDA:158,14,0,0
BRDA:158,14,1,0
BRDA:170,15,0,0
BRDA:172,16,0,0
BRDA:183,17,0,0
BRF:21
BRH:0
end_of_record
TN:
SF:src/core/rewards/CardRegistry.ts
FN:15,(anonymous_0)
FN:22,(anonymous_1)
FN:32,(anonymous_2)
FN:39,(anonymous_3)
FN:46,(anonymous_4)
FN:63,(anonymous_5)
FN:70,(anonymous_6)
FN:74,(anonymous_7)
FN:80,(anonymous_8)
FN:251,(anonymous_9)
FN:286,(anonymous_10)
FN:316,(anonymous_11)
FN:356,(anonymous_12)
FN:426,(anonymous_13)
FN:462,(anonymous_14)
FN:501,(anonymous_15)
FN:569,(anonymous_16)
FN:597,(anonymous_17)
FN:626,(anonymous_18)
FN:689,(anonymous_19)
FN:712,(anonymous_20)
FN:781,(anonymous_21)
FN:819,(anonymous_22)
FNF:23
FNH:0
FNDA:0,(anonymous_0)
FNDA:0,(anonymous_1)
FNDA:0,(anonymous_2)
FNDA:0,(anonymous_3)
FNDA:0,(anonymous_4)
FNDA:0,(anonymous_5)
FNDA:0,(anonymous_6)
FNDA:0,(anonymous_7)
FNDA:0,(anonymous_8)
FNDA:0,(anonymous_9)
FNDA:0,(anonymous_10)
FNDA:0,(anonymous_11)
FNDA:0,(anonymous_12)
FNDA:0,(anonymous_13)
FNDA:0,(anonymous_14)
FNDA:0,(anonymous_15)
FNDA:0,(anonymous_16)
FNDA:0,(anonymous_17)
FNDA:0,(anonymous_18)
FNDA:0,(anonymous_19)
FNDA:0,(anonymous_20)
FNDA:0,(anonymous_21)
FNDA:0,(anonymous_22)
DA:4,0
DA:5,0
DA:6,0
DA:11,0
DA:13,0
DA:16,0
DA:23,0
DA:24,0
DA:26,0
DA:33,0
DA:40,0
DA:47,0
DA:48,0
DA:50,0
DA:51,0
DA:53,0
DA:57,0
DA:64,0
DA:71,0
DA:73,0
DA:74,0
DA:82,0
DA:83,0
DA:84,0
DA:96,0
DA:97,0
DA:98,0
DA:110,0
DA:111,0
DA:112,0
DA:124,0
DA:125,0
DA:126,0
DA:149,0
DA:150,0
DA:151,0
DA:163,0
DA:164,0
DA:165,0
DA:177,0
DA:178,0
DA:179,0
DA:191,0
DA:192,0
DA:193,0
DA:205,0
DA:206,0
DA:207,0
DA:219,0
DA:220,0
DA:221,0
DA:233,0
DA:234,0
DA:235,0
DA:252,0
DA:287,0
DA:316,0
DA:357,0
DA:427,0
DA:463,0
DA:502,0
DA:570,0
DA:598,0
DA:627,0
DA:689,0
DA:713,0
DA:781,0
DA:820,0
DA:871,0
LF:69
LH:0
BRDA:23,0,0,0
BRDA:51,1,0,0
BRDA:51,2,0,0
BRDA:51,2,1,0
BRF:4
BRH:0
end_of_record
TN:
SF:src/core/rewards/CardTypeIdService.ts
FN:31,(anonymous_0)
FN:59,(anonymous_1)
FN:85,(anonymous_2)
FNF:3
FNH:0
FNDA:0,(anonymous_0)
FNDA:0,(anonymous_1)
FNDA:0,(anonymous_2)
DA:16,0
DA:32,0
DA:33,0
DA:36,0
DA:37,0
DA:39,0
DA:60,0
DA:86,0
DA:87,0
DA:91,0
DA:92,0
DA:96,0
DA:97,0
DA:101,0
DA:102,0
DA:106,0
DA:107,0
DA:111,0
DA:112,0
DA:115,0
DA:120,0
LF:21
LH:0
BRDA:32,0,0,0
BRDA:32,1,0,0
BRDA:32,1,1,0
BRDA:86,2,0,0
BRDA:86,3,0,0
BRDA:86,3,1,0
BRDA:91,4,0,0
BRDA:96,5,0,0
BRDA:101,6,0,0
BRDA:101,7,0,0
BRDA:101,7,1,0
BRDA:106,8,0,0
BRDA:111,9,0,0
BRF:13
BRH:0
end_of_record
TN:
SF:src/core/rewards/MonthlySpendingTracker.ts
FN:14,(anonymous_7)
FN:19,(anonymous_8)
FN:29,(anonymous_9)
FN:30,(anonymous_10)
FN:62,(anonymous_11)
FN:78,(anonymous_12)
FN:90,(anonymous_13)
FN:98,(anonymous_14)
FN:108,(anonymous_15)
FN:118,(anonymous_16)
FN:129,(anonymous_17)
FN:135,(anonymous_18)
FN:142,(anonymous_19)
FN:156,(anonymous_20)
FNF:14
FNH:0
FNDA:0,(anonymous_7)
FNDA:0,(anonymous_8)
FNDA:0,(anonymous_9)
FNDA:0,(anonymous_10)
FNDA:0,(anonymous_11)
FNDA:0,(anonymous_12)
FNDA:0,(anonymous_13)
FNDA:0,(anonymous_14)
FNDA:0,(anonymous_15)
FNDA:0,(anonymous_16)
FNDA:0,(anonymous_17)
FNDA:0,(anonymous_18)
FNDA:0,(anonymous_19)
FNDA:0,(anonymous_20)
DA:4,0
DA:10,0
DA:12,0
DA:20,0
DA:21,0
DA:23,0
DA:30,0
DA:36,0
DA:39,0
DA:40,0
DA:43,0
DA:45,0
DA:48,0
DA:56,0
DA:57,0
DA:58,0
DA:62,0
DA:65,0
DA:67,0
DA:69,0
DA:70,0
DA:85,0
DA:87,0
DA:90,0
DA:91,0
DA:92,0
DA:98,0
DA:100,0
DA:101,0
DA:112,0
DA:119,0
DA:122,0
DA:123,0
DA:124,0
DA:129,0
DA:136,0
DA:148,0
DA:149,0
DA:150,0
DA:161,0
DA:162,0
DA:164,0
DA:166,0
DA:167,0
DA:169,0
DA:172,0
DA:173,0
DA:176,0
DA:177,0
DA:178,0
DA:179,0
DA:180,0
DA:184,0
DA:187,0
DA:188,0
DA:189,0
DA:190,0
DA:191,0
DA:194,0
DA:196,0
DA:202,0
LF:61
LH:0
BRDA:20,0,0,0
BRDA:31,1,0,0
BRDA:32,2,0,0
BRDA:33,3,0,0
BRDA:39,4,0,0
BRDA:40,5,0,0
BRDA:40,5,1,0
BRDA:56,6,0,0
BRDA:62,7,0,0
BRDA:62,7,1,0
BRDA:81,8,0,0
BRDA:82,9,0,0
BRDA:83,10,0,0
BRDA:92,11,0,0
BRDA:92,11,1,0
BRDA:92,11,2,0
BRDA:123,12,0,0
BRDA:164,13,0,0
BRDA:164,13,1,0
BRDA:176,14,0,0
BRDA:178,15,0,0
BRDA:189,16,0,0
BRF:22
BRH:0
end_of_record
TN:
SF:src/core/rewards/RewardService.ts
FN:11,(anonymous_7)
FN:15,(anonymous_8)
FN:47,(anonymous_10)
FN:48,(anonymous_11)
FN:62,(anonymous_12)
FN:172,(anonymous_13)
FN:207,(anonymous_14)
FN:211,(anonymous_15)
FN:220,(anonymous_16)
FN:248,(anonymous_17)
FN:255,(anonymous_18)
FN:261,(anonymous_19)
FN:292,(anonymous_20)
FN:297,(anonymous_21)
FN:311,(anonymous_22)
FN:317,(anonymous_23)
FN:321,(anonymous_24)
FN:323,(anonymous_25)
FN:331,(anonymous_26)
FN:332,(anonymous_27)
FN:346,(anonymous_28)
FN:347,(anonymous_29)
FN:362,(anonymous_30)
FN:363,(anonymous_31)
FN:379,(anonymous_32)
FN:386,(anonymous_33)
FN:390,(anonymous_34)
FN:398,(anonymous_35)
FN:422,(anonymous_37)
FN:434,(anonymous_39)
FN:444,(anonymous_40)
FN:453,(anonymous_41)
FN:453,(anonymous_42)
FN:454,(anonymous_43)
FN:454,(anonymous_44)
FN:455,(anonymous_45)
FN:455,(anonymous_46)
FN:456,(anonymous_47)
FN:456,(anonymous_48)
FN:457,(anonymous_49)
FN:457,(anonymous_50)
FNF:41
FNH:0
FNDA:0,(anonymous_7)
FNDA:0,(anonymous_8)
FNDA:0,(anonymous_10)
FNDA:0,(anonymous_11)
FNDA:0,(anonymous_12)
FNDA:0,(anonymous_13)
FNDA:0,(anonymous_14)
FNDA:0,(anonymous_15)
FNDA:0,(anonymous_16)
FNDA:0,(anonymous_17)
FNDA:0,(anonymous_18)
FNDA:0,(anonymous_19)
FNDA:0,(anonymous_20)
FNDA:0,(anonymous_21)
FNDA:0,(anonymous_22)
FNDA:0,(anonymous_23)
FNDA:0,(anonymous_24)
FNDA:0,(anonymous_25)
FNDA:0,(anonymous_26)
FNDA:0,(anonymous_27)
FNDA:0,(anonymous_28)
FNDA:0,(anonymous_29)
FNDA:0,(anonymous_30)
FNDA:0,(anonymous_31)
FNDA:0,(anonymous_32)
FNDA:0,(anonymous_33)
FNDA:0,(anonymous_34)
FNDA:0,(anonymous_35)
FNDA:0,(anonymous_37)
FNDA:0,(anonymous_39)
FNDA:0,(anonymous_40)
FNDA:0,(anonymous_41)
FNDA:0,(anonymous_42)
FNDA:0,(anonymous_43)
FNDA:0,(anonymous_44)
FNDA:0,(anonymous_45)
FNDA:0,(anonymous_46)
FNDA:0,(anonymous_47)
FNDA:0,(anonymous_48)
FNDA:0,(anonymous_49)
FNDA:0,(anonymous_50)
DA:1,0
DA:5,0
DA:6,0
DA:8,0
DA:12,0
DA:16,0
DA:17,0
DA:18,0
DA:19,0
DA:20,0
DA:24,0
DA:26,0
DA:32,0
DA:34,0
DA:35,0
DA:46,0
DA:47,0
DA:48,0
DA:50,0
DA:51,0
DA:62,0
DA:65,0
DA:66,0
DA:69,0
DA:70,0
DA:71,0
DA:72,0
DA:76,0
DA:78,0
DA:79,0
DA:81,0
DA:82,0
DA:83,0
DA:84,0
DA:86,0
DA:87,0
DA:89,0
DA:90,0
DA:92,0
DA:93,0
DA:97,0
DA:98,0
DA:103,0
DA:104,0
DA:107,0
DA:110,0
DA:111,0
DA:112,0
DA:114,0
DA:115,0
DA:116,0
DA:118,0
DA:126,0
DA:130,0
DA:131,0
DA:132,0
DA:134,0
DA:135,0
DA:136,0
DA:137,0
DA:141,0
DA:143,0
DA:157,0
DA:167,0
DA:168,0
DA:173,0
DA:175,0
DA:177,0
DA:178,0
DA:180,0
DA:181,0
DA:183,0
DA:184,0
DA:186,0
DA:187,0
DA:190,0
DA:193,0
DA:195,0
DA:197,0
DA:199,0
DA:201,0
DA:203,0
DA:208,0
DA:212,0
DA:215,0
DA:216,0
DA:220,0
DA:222,0
DA:223,0
DA:224,0
DA:226,0
DA:227,0
DA:229,0
DA:230,0
DA:232,0
DA:233,0
DA:236,0
DA:237,0
DA:238,0
DA:241,0
DA:250,0
DA:251,0
DA:255,0
DA:262,0
DA:264,0
DA:267,0
DA:270,0
DA:273,0
DA:276,0
DA:279,0
DA:284,0
DA:287,0
DA:288,0
DA:293,0
DA:294,0
DA:297,0
DA:299,0
DA:301,0
DA:303,0
DA:305,0
DA:307,0
DA:312,0
DA:313,0
DA:316,0
DA:317,0
DA:319,0
DA:321,0
DA:323,0
DA:325,0
DA:327,0
DA:332,0
DA:334,0
DA:336,0
DA:338,0
DA:340,0
DA:342,0
DA:347,0
DA:348,0
DA:350,0
DA:352,0
DA:354,0
DA:356,0
DA:358,0
DA:363,0
DA:365,0
DA:367,0
DA:369,0
DA:371,0
DA:373,0
DA:375,0
DA:380,0
DA:381,0
DA:384,0
DA:386,0
DA:387,0
DA:390,0
DA:391,0
DA:394,0
DA:407,0
DA:419,0
DA:431,0
DA:435,0
DA:440,0
DA:442,0
DA:444,0
DA:445,0
DA:446,0
DA:447,0
DA:448,0
DA:450,0
DA:452,0
DA:453,0
DA:454,0
DA:455,0
DA:456,0
DA:457,0
DA:459,0
DA:462,0
LF:178
LH:0
BRDA:34,0,0,0
BRDA:34,1,0,0
BRDA:34,1,1,0
BRDA:39,2,0,0
BRDA:39,2,1,0
BRDA:50,3,0,0
BRDA:55,4,0,0
BRDA:55,4,1,0
BRDA:69,5,0,0
BRDA:69,6,0,0
BRDA:69,6,1,0
BRDA:69,6,2,0
BRDA:76,7,0,0
BRDA:76,7,1,0
BRDA:76,7,2,0
BRDA:76,7,3,0
BRDA:76,7,4,0
BRDA:97,8,0,0
BRDA:103,9,0,0
BRDA:110,10,0,0
BRDA:110,10,1,0
BRDA:112,11,0,0
BRDA:112,12,0,0
BRDA:112,12,1,0
BRDA:115,13,0,0
BRDA:115,13,1,0
BRDA:116,14,0,0
BRDA:116,14,1,0
BRDA:134,15,0,0
BRDA:134,15,1,0
BRDA:136,16,0,0
BRDA:161,17,0,0
BRDA:161,17,1,0
BRDA:172,18,0,0
BRDA:172,19,0,0
BRDA:172,20,0,0
BRDA:175,21,0,0
BRDA:175,21,1,0
BRDA:175,21,2,0
BRDA:175,21,3,0
BRDA:175,21,4,0
BRDA:175,21,5,0
BRDA:195,22,0,0
BRDA:195,22,1,0
BRDA:195,22,2,0
BRDA:195,22,3,0
BRDA:207,23,0,0
BRDA:207,24,0,0
BRDA:207,25,0,0
BRDA:215,26,0,0
BRDA:215,27,0,0
BRDA:215,27,1,0
BRDA:220,28,0,0
BRDA:220,28,1,0
BRDA:220,29,0,0
BRDA:220,29,1,0
BRDA:223,30,0,0
BRDA:223,31,0,0
BRDA:223,31,1,0
BRDA:226,32,0,0
BRDA:226,33,0,0
BRDA:226,33,1,0
BRDA:229,34,0,0
BRDA:229,35,0,0
BRDA:229,35,1,0
BRDA:229,35,2,0
BRDA:232,36,0,0
BRDA:232,37,0,0
BRDA:232,37,1,0
BRDA:232,37,2,0
BRDA:250,38,0,0
BRDA:250,39,0,0
BRDA:250,39,1,0
BRDA:262,40,0,0
BRDA:262,40,1,0
BRDA:262,40,2,0
BRDA:262,40,3,0
BRDA:262,40,4,0
BRDA:262,40,5,0
BRDA:262,40,6,0
BRDA:262,40,7,0
BRDA:293,41,0,0
BRDA:299,42,0,0
BRDA:299,42,1,0
BRDA:299,42,2,0
BRDA:299,42,3,0
BRDA:305,43,0,0
BRDA:305,43,1,0
BRDA:312,44,0,0
BRDA:319,45,0,0
BRDA:319,45,1,0
BRDA:319,45,2,0
BRDA:319,45,3,0
BRDA:325,46,0,0
BRDA:325,46,1,0
BRDA:334,47,0,0
BRDA:334,47,1,0
BRDA:334,47,2,0
BRDA:334,47,3,0
BRDA:340,48,0,0
BRDA:340,48,1,0
BRDA:350,49,0,0
BRDA:350,49,1,0
BRDA:350,49,2,0
BRDA:350,49,3,0
BRDA:356,50,0,0
BRDA:356,50,1,0
BRDA:365,51,0,0
BRDA:365,51,1,0
BRDA:365,51,2,0
BRDA:365,51,3,0
BRDA:365,51,4,0
BRDA:367,52,0,0
BRDA:367,52,1,0
BRDA:369,53,0,0
BRDA:369,53,1,0
BRDA:371,54,0,0
BRDA:371,54,1,0
BRDA:373,55,0,0
BRDA:373,55,1,0
BRDA:373,55,2,0
BRDA:380,56,0,0
BRDA:380,57,0,0
BRDA:380,57,1,0
BRDA:384,58,0,0
BRDA:384,58,1,0
BRDA:384,58,2,0
BRDA:435,59,0,0
BRDA:435,59,1,0
BRDA:445,60,0,0
BRF:130
BRH:0
end_of_record
TN:
SF:src/core/rewards/RuleMapper.ts
FN:50,(anonymous_0)
FN:82,(anonymous_1)
FN:143,(anonymous_2)
FNF:3
FNH:0
FNDA:0,(anonymous_0)
FNDA:0,(anonymous_1)
FNDA:0,(anonymous_2)
DA:22,0
DA:52,0
DA:53,0
DA:54,0
DA:55,0
DA:56,0
DA:58,0
DA:59,0
DA:62,0
DA:67,0
DA:68,0
DA:69,0
DA:70,0
DA:71,0
DA:73,0
DA:74,0
DA:77,0
DA:82,0
DA:83,0
DA:84,0
DA:85,0
DA:88,0
DA:144,0
LF:23
LH:0
BRDA:53,0,0,0
BRDA:54,1,0,0
BRDA:54,1,1,0
BRDA:68,2,0,0
BRDA:69,3,0,0
BRDA:69,3,1,0
BRDA:83,4,0,0
BRDA:83,5,0,0
BRDA:83,5,1,0
BRDA:85,6,0,0
BRDA:85,6,1,0
BRDA:92,7,0,0
BRDA:92,7,1,0
BRDA:93,8,0,0
BRDA:93,8,1,0
BRDA:93,9,0,0
BRDA:93,9,1,0
BRDA:94,10,0,0
BRDA:94,10,1,0
BRDA:94,11,0,0
BRDA:94,11,1,0
BRDA:97,12,0,0
BRDA:97,12,1,0
BRDA:100,13,0,0
BRDA:100,13,1,0
BRDA:101,14,0,0
BRDA:101,14,1,0
BRDA:104,15,0,0
BRDA:104,15,1,0
BRDA:104,16,0,0
BRDA:104,16,1,0
BRDA:105,17,0,0
BRDA:105,17,1,0
BRDA:105,18,0,0
BRDA:105,18,1,0
BRDA:106,19,0,0
BRDA:106,19,1,0
BRDA:106,20,0,0
BRDA:106,20,1,0
BRDA:107,21,0,0
BRDA:107,21,1,0
BRDA:110,22,0,0
BRDA:110,22,1,0
BRDA:148,23,0,0
BRDA:148,23,1,0
BRDA:149,24,0,0
BRDA:149,24,1,0
BRDA:149,25,0,0
BRDA:149,25,1,0
BRDA:150,26,0,0
BRDA:150,26,1,0
BRDA:150,27,0,0
BRDA:150,27,1,0
BRDA:151,28,0,0
BRDA:151,28,1,0
BRDA:152,29,0,0
BRDA:152,29,1,0
BRDA:153,30,0,0
BRDA:153,30,1,0
BRDA:154,31,0,0
BRDA:154,31,1,0
BRDA:154,32,0,0
BRDA:154,32,1,0
BRDA:155,33,0,0
BRDA:155,33,1,0
BRDA:155,34,0,0
BRDA:155,34,1,0
BRDA:156,35,0,0
BRDA:156,35,1,0
BRDA:157,36,0,0
BRDA:157,36,1,0
BRDA:158,37,0,0
BRDA:158,37,1,0
BRDA:158,38,0,0
BRDA:158,38,1,0
BRDA:159,39,0,0
BRDA:159,39,1,0
BRDA:159,40,0,0
BRDA:159,40,1,0
BRDA:160,41,0,0
BRDA:160,41,1,0
BRDA:160,42,0,0
BRDA:160,42,1,0
BRDA:161,43,0,0
BRDA:161,43,1,0
BRDA:161,44,0,0
BRDA:161,44,1,0
BRDA:162,45,0,0
BRDA:162,45,1,0
BRF:89
BRH:0
end_of_record
TN:
SF:src/core/rewards/RuleRepository.ts
FN:19,(anonymous_7)
FN:31,(anonymous_8)
FN:61,(anonymous_10)
FN:83,(anonymous_11)
FN:100,(anonymous_12)
FN:114,(anonymous_13)
FN:147,(anonymous_14)
FN:222,(anonymous_16)
FN:271,(anonymous_18)
FN:321,(anonymous_19)
FN:446,(anonymous_21)
FN:573,(anonymous_23)
FN:662,(anonymous_25)
FN:691,(anonymous_26)
FN:757,(anonymous_28)
FN:838,(anonymous_30)
FN:871,(anonymous_31)
FNF:17
FNH:0
FNDA:0,(anonymous_7)
FNDA:0,(anonymous_8)
FNDA:0,(anonymous_10)
FNDA:0,(anonymous_11)
FNDA:0,(anonymous_12)
FNDA:0,(anonymous_13)
FNDA:0,(anonymous_14)
FNDA:0,(anonymous_16)
FNDA:0,(anonymous_18)
FNDA:0,(anonymous_19)
FNDA:0,(anonymous_21)
FNDA:0,(anonymous_23)
FNDA:0,(anonymous_25)
FNDA:0,(anonymous_26)
FNDA:0,(anonymous_28)
FNDA:0,(anonymous_30)
FNDA:0,(anonymous_31)
DA:5,0
DA:6,0
DA:7,0
DA:14,0
DA:20,0
DA:21,0
DA:22,0
DA:32,0
DA:33,0
DA:35,0
DA:36,0
DA:37,0
DA:40,0
DA:41,0
DA:42,0
DA:45,0
DA:49,0
DA:50,0
DA:52,0
DA:53,0
DA:62,0
DA:63,0
DA:64,0
DA:67,0
DA:68,0
DA:69,0
DA:72,0
DA:73,0
DA:74,0
DA:77,0
DA:84,0
DA:85,0
DA:88,0
DA:92,0
DA:93,0
DA:101,0
DA:102,0
DA:103,0
DA:106,0
DA:107,0
DA:108,0
DA:115,0
DA:116,0
DA:148,0
DA:149,0
DA:157,0
DA:159,0
DA:160,0
DA:161,0
DA:166,0
DA:167,0
DA:169,0
DA:171,0
DA:176,0
DA:179,0
DA:180,0
DA:184,0
DA:193,0
DA:223,0
DA:224,0
DA:226,0
DA:228,0
DA:229,0
DA:230,0
DA:234,0
DA:236,0
DA:241,0
DA:246,0
DA:247,0
DA:248,0
DA:256,0
DA:257,0
DA:258,0
DA:265,0
DA:271,0
DA:273,0
DA:278,0
DA:281,0
DA:282,0
DA:286,0
DA:292,0
DA:322,0
DA:323,0
DA:329,0
DA:331,0
DA:332,0
DA:333,0
DA:335,0
DA:338,0
DA:340,0
DA:341,0
DA:343,0
DA:345,0
DA:350,0
DA:356,0
DA:362,0
DA:363,0
DA:367,0
DA:376,0
DA:377,0
DA:380,0
DA:387,0
DA:393,0
DA:394,0
DA:398,0
DA:408,0
DA:447,0
DA:448,0
DA:454,0
DA:456,0
DA:459,0
DA:461,0
DA:468,0
DA:473,0
DA:474,0
DA:476,0
DA:478,0
DA:484,0
DA:489,0
DA:494,0
DA:495,0
DA:500,0
DA:509,0
DA:510,0
DA:514,0
DA:521,0
DA:523,0
DA:529,0
DA:532,0
DA:533,0
DA:537,0
DA:547,0
DA:574,0
DA:575,0
DA:577,0
DA:579,0
DA:580,0
DA:581,0
DA:585,0
DA:587,0
DA:592,0
DA:598,0
DA:599,0
DA:603,0
DA:612,0
DA:613,0
DA:616,0
DA:623,0
DA:625,0
DA:628,0
DA:629,0
DA:633,0
DA:639,0
DA:663,0
DA:664,0
DA:666,0
DA:670,0
DA:696,0
DA:697,0
DA:699,0
DA:700,0
DA:702,0
DA:703,0
DA:704,0
DA:710,0
DA:711,0
DA:713,0
DA:718,0
DA:723,0
DA:729,0
DA:762,0
DA:763,0
DA:765,0
DA:767,0
DA:769,0
DA:773,0
DA:775,0
DA:776,0
DA:780,0
DA:787,0
DA:792,0
DA:797,0
DA:798,0
DA:804,0
DA:838,0
DA:839,0
DA:843,0
DA:844,0
DA:845,0
DA:848,0
DA:849,0
DA:851,0
DA:871,0
DA:872,0
DA:873,0
LF:195
LH:0
BRDA:35,0,0,0
BRDA:40,1,0,0
BRDA:40,2,0,0
BRDA:40,2,1,0
BRDA:40,3,0,0
BRDA:40,3,1,0
BRDA:49,4,0,0
BRDA:52,5,0,0
BRDA:52,5,1,0
BRDA:53,6,0,0
BRDA:53,6,1,0
BRDA:62,7,0,0
BRDA:62,8,0,0
BRDA:62,8,1,0
BRDA:67,9,0,0
BRDA:67,10,0,0
BRDA:67,10,1,0
BRDA:72,11,0,0
BRDA:72,12,0,0
BRDA:72,12,1,0
BRDA:72,12,2,0
BRDA:84,13,0,0
BRDA:101,14,0,0
BRDA:159,15,0,0
BRDA:159,16,0,0
BRDA:159,16,1,0
BRDA:179,17,0,0
BRDA:191,18,0,0
BRDA:191,18,1,0
BRDA:194,19,0,0
BRDA:194,19,1,0
BRDA:197,20,0,0
BRDA:197,20,1,0
BRDA:228,21,0,0
BRDA:228,22,0,0
BRDA:228,22,1,0
BRDA:246,23,0,0
BRDA:256,24,0,0
BRDA:281,25,0,0
BRDA:290,26,0,0
BRDA:290,26,1,0
BRDA:293,27,0,0
BRDA:293,27,1,0
BRDA:296,28,0,0
BRDA:296,28,1,0
BRDA:331,29,0,0
BRDA:331,30,0,0
BRDA:331,30,1,0
BRDA:362,31,0,0
BRDA:376,32,0,0
BRDA:376,33,0,0
BRDA:376,33,1,0
BRDA:393,34,0,0
BRDA:406,35,0,0
BRDA:406,35,1,0
BRDA:409,36,0,0
BRDA:409,36,1,0
BRDA:412,37,0,0
BRDA:412,37,1,0
BRDA:494,38,0,0
BRDA:509,39,0,0
BRDA:509,40,0,0
BRDA:509,40,1,0
BRDA:532,41,0,0
BRDA:545,42,0,0
BRDA:545,42,1,0
BRDA:548,43,0,0
BRDA:548,43,1,0
BRDA:551,44,0,0
BRDA:551,44,1,0
BRDA:579,45,0,0
BRDA:579,46,0,0
BRDA:579,46,1,0
BRDA:598,47,0,0
BRDA:612,48,0,0
BRDA:612,49,0,0
BRDA:612,49,1,0
BRDA:628,50,0,0
BRDA:637,51,0,0
BRDA:637,51,1,0
BRDA:640,52,0,0
BRDA:640,52,1,0
BRDA:643,53,0,0
BRDA:643,53,1,0
BRDA:702,54,0,0
BRDA:710,55,0,0
BRDA:710,55,1,0
BRDA:710,56,0,0
BRDA:710,56,1,0
BRDA:711,57,0,0
BRDA:711,57,1,0
BRDA:711,58,0,0
BRDA:711,58,1,0
BRDA:711,59,0,0
BRDA:711,59,1,0
BRDA:711,60,0,0
BRDA:711,60,1,0
BRDA:715,61,0,0
BRDA:715,61,1,0
BRDA:727,62,0,0
BRDA:727,62,1,0
BRDA:731,63,0,0
BRDA:731,63,1,0
BRDA:775,64,0,0
BRDA:802,65,0,0
BRDA:802,65,1,0
BRDA:806,66,0,0
BRDA:806,66,1,0
BRDA:843,67,0,0
BRF:109
BRH:0
end_of_record
TN:
SF:src/core/rewards/constants.ts
FNF:0
FNH:0
DA:1,0
LF:1
LH:0
BRF:0
BRH:0
end_of_record
TN:
SF:src/core/rewards/errors.ts
FN:22,(anonymous_0)
FN:45,(anonymous_1)
FN:62,(anonymous_2)
FN:84,(anonymous_3)
FNF:4
FNH:0
FNDA:0,(anonymous_0)
FNDA:0,(anonymous_1)
FNDA:0,(anonymous_2)
FNDA:0,(anonymous_3)
DA:11,0
DA:27,0
DA:28,0
DA:29,0
DA:30,0
DA:33,0
DA:34,0
DA:44,0
DA:46,0
DA:47,0
DA:56,0
DA:67,0
DA:68,0
DA:69,0
DA:78,0
DA:90,0
DA:91,0
DA:92,0
LF:18
LH:0
BRDA:33,0,0,0
BRF:1
BRH:0
end_of_record
TN:
SF:src/core/rewards/logger.ts
FN:6,(anonymous_0)
FN:22,(anonymous_1)
FN:26,(anonymous_2)
FN:62,(anonymous_3)
FN:66,(anonymous_4)
FN:70,(anonymous_5)
FN:74,(anonymous_6)
FN:78,(anonymous_7)
FN:82,(anonymous_8)
FNF:9
FNH:0
FNDA:0,(anonymous_0)
FNDA:0,(anonymous_1)
FNDA:0,(anonymous_2)
FNDA:0,(anonymous_3)
FNDA:0,(anonymous_4)
FNDA:0,(anonymous_5)
FNDA:0,(anonymous_6)
FNDA:0,(anonymous_7)
FNDA:0,(anonymous_8)
DA:6,0
DA:7,0
DA:8,0
DA:9,0
DA:10,0
DA:23,0
DA:24,0
DA:27,0
DA:36,0
DA:39,0
DA:40,0
DA:44,0
DA:46,0
DA:48,0
DA:49,0
DA:51,0
DA:52,0
DA:54,0
DA:55,0
DA:57,0
DA:58,0
DA:63,0
DA:67,0
DA:71,0
DA:75,0
DA:79,0
DA:83,0
DA:88,0
LF:28
LH:0
BRDA:6,0,0,0
BRDA:6,0,1,0
BRDA:39,1,0,0
BRDA:46,2,0,0
BRDA:46,2,1,0
BRDA:46,2,2,0
BRDA:46,2,3,0
BRDA:48,3,0,0
BRDA:48,3,1,0
BRDA:51,4,0,0
BRDA:51,4,1,0
BRDA:54,5,0,0
BRDA:54,5,1,0
BRDA:57,6,0,0
BRDA:57,6,1,0
BRDA:57,7,0,0
BRDA:57,7,1,0
BRF:17
BRH:0
end_of_record
TN:
SF:src/core/rewards/types.ts
FNF:0
FNH:0
DA:77,0
LF:1
LH:0
BRF:0
BRH:0
end_of_record
